<?xml version="1.0" encoding="UTF-8"?>
<!-- Generated by org.testng.reporters.JUnitReportReporter -->
<testsuite hostname="CABFQIPMIO" name="com.testframework.core.GenerateReport" tests="1" failures="0" timestamp="28 Apr 2017 10:00:36 GMT" time="16.658" errors="0">
  <testcase name="verifySeleniumBlog" time="16.658" classname="com.testframework.core.GenerateReport"/>
</testsuite> <!-- com.testframework.core.GenerateReport -->
