<?xml version="1.0" encoding="UTF-8"?>
<!-- Generated by org.testng.reporters.JUnitReportReporter -->
<testsuite hostname="CABFQIPMIO" name="com.testframework.core.FetchDictionaryObject" tests="1" failures="0" timestamp="28 Apr 2017 06:48:32 GMT" time="58.611" errors="0">
  <testcase name="fetchObject" time="58.611" classname="com.testframework.core.FetchDictionaryObject"/>
</testsuite> <!-- com.testframework.core.FetchDictionaryObject -->
